#
# There is insufficient memory for the Java Runtime Environment to continue.
# Native memory allocation (malloc) failed to allocate 1203856 bytes for Chunk::new
# Possible reasons:
#   The system is out of physical RAM or swap space
#   The process is running with CompressedOops enabled, and the Java Heap may be blocking the growth of the native heap
# Possible solutions:
#   Reduce memory load on the system
#   Increase physical memory or swap space
#   Check if swap backing store is full
#   Decrease Java heap size (-Xmx/-Xms)
#   Decrease number of Java threads
#   Decrease Java thread stack sizes (-Xss)
#   Set larger code cache with -XX:ReservedCodeCacheSize=
#   JVM is running with Unscaled Compressed Oops mode in which the Java heap is
#     placed in the first 4GB address space. The Java Heap base address is the
#     maximum limit for the native heap growth. Please use -XX:HeapBaseMinAddress
#     to set the Java Heap base and to place the Java Heap above 4GB virtual address.
# This output file may be truncated or incomplete.
#
#  Out of Memory Error (allocation.cpp:389), pid=20180, tid=0x00000000000035a4
#
# JRE version: OpenJDK Runtime Environment (8.0_202-b03) (build 1.8.0_202-release-1483-b03)
# Java VM: OpenJDK 64-Bit Server VM (25.202-b03 mixed mode windows-amd64 compressed oops)
# Failed to write core dump. Minidumps are not enabled by default on client versions of Windows
#

---------------  T H R E A D  ---------------

Current thread (0x0000000016320000):  JavaThread "C2 CompilerThread1" daemon [_thread_in_native, id=13732, stack(0x0000000017b80000,0x0000000017c80000)]

Stack: [0x0000000017b80000,0x0000000017c80000]
[error occurred during error reporting (printing stack bounds), id 0xc0000005]

Native frames: (J=compiled Java code, j=interpreted, Vv=VM code, C=native code)


Current CompileTask:
C2:3366819 17186   !   4       java.io.ObjectOutputStream::writeObject0 (619 bytes)


---------------  P R O C E S S  ---------------

Java Threads: ( => current thread )
  0x000000001bc16800 JavaThread "Cache worker for execution history cache (C:\Users\Noret\AndroidStudioProjects\Sceneform2\.gradle\5.4.1\executionHistory)" [_thread_blocked, id=7624, stack(0x0000000026cc0000,0x0000000026dc0000)]
  0x000000001bc13000 JavaThread "Cache worker for Build Output Cleanup Cache (C:\Users\Noret\AndroidStudioProjects\Sceneform2\.gradle\buildOutputCleanup)" [_thread_blocked, id=19784, stack(0x00000000238e0000,0x00000000239e0000)]
  0x000000001bc0c000 JavaThread "Build operations Thread 4" [_thread_blocked, id=5496, stack(0x00000000220e0000,0x00000000221e0000)]
  0x000000001bc11800 JavaThread "Build operations Thread 3" [_thread_blocked, id=10300, stack(0x00000000219e0000,0x0000000021ae0000)]
  0x000000001bc10800 JavaThread "Build operations Thread 2" [_thread_blocked, id=6484, stack(0x00000000218e0000,0x00000000219e0000)]
  0x000000001bc10000 JavaThread "Build operations" [_thread_blocked, id=8288, stack(0x00000000217e0000,0x00000000218e0000)]
  0x000000001bc12000 JavaThread "Cache worker for cache directory md-rule (C:\Users\Noret\.gradle\caches\5.4.1\md-rule)" [_thread_blocked, id=6356, stack(0x00000000216e0000,0x00000000217e0000)]
  0x000000001bc0b800 JavaThread "Cache worker for cache directory md-supplier (C:\Users\Noret\.gradle\caches\5.4.1\md-supplier)" [_thread_blocked, id=14268, stack(0x000000001ff10000,0x0000000020010000)]
  0x000000001bc07800 JavaThread "Cache worker for file hash cache (C:\Users\Noret\AndroidStudioProjects\Sceneform2\.gradle\5.4.1\fileHashes)" [_thread_blocked, id=20232, stack(0x000000001fe10000,0x000000001ff10000)]
  0x000000001bc0e800 JavaThread "Thread-215" [_thread_blocked, id=18676, stack(0x000000001e540000,0x000000001e640000)]
  0x000000001bc0a000 JavaThread "Stdin handler" [_thread_blocked, id=3184, stack(0x000000001acd0000,0x000000001add0000)]
  0x000000001bc09000 JavaThread "Asynchronous log dispatcher for DefaultDaemonConnection: socket connection from /127.0.0.1:50915 to /127.0.0.1:51866" [_thread_blocked, id=6588, stack(0x000000001a5d0000,0x000000001a6d0000)]
  0x000000001bc0a800 JavaThread "Cancel handler" [_thread_blocked, id=4672, stack(0x0000000017780000,0x0000000017880000)]
  0x000000001bc0d800 JavaThread "Handler for socket connection from /127.0.0.1:50915 to /127.0.0.1:51866" [_thread_in_native, id=17128, stack(0x0000000000d10000,0x0000000000e10000)]
  0x000000001bc08800 JavaThread "Daemon worker Thread 6" [_thread_in_vm, id=13640, stack(0x000000001a4d0000,0x000000001a5d0000)]
  0x000000001bc0d000 JavaThread "Daemon Thread 6" [_thread_blocked, id=20444, stack(0x0000000000c10000,0x0000000000d10000)]
  0x000000001d17f000 JavaThread "Memory manager" [_thread_blocked, id=6804, stack(0x0000000022de0000,0x0000000022ee0000)]
  0x000000001d180800 JavaThread "Cache worker for execution history cache (C:\Users\Noret\.gradle\caches\5.4.1\executionHistory)" [_thread_blocked, id=4500, stack(0x0000000020010000,0x0000000020110000)]
  0x0000000018ee9800 JavaThread "Cache worker for journal cache (C:\Users\Noret\.gradle\caches\journal-1)" [_thread_blocked, id=19132, stack(0x000000001afd0000,0x000000001b0d0000)]
  0x0000000018eed800 JavaThread "File lock request listener" [_thread_in_native, id=20168, stack(0x000000001aed0000,0x000000001afd0000)]
  0x0000000018eec800 JavaThread "Cache worker for file hash cache (C:\Users\Noret\.gradle\caches\5.4.1\fileHashes)" [_thread_blocked, id=18504, stack(0x000000001add0000,0x000000001aed0000)]
  0x0000000017e1b800 JavaThread "Daemon periodic checks" [_thread_blocked, id=19652, stack(0x000000001a3d0000,0x000000001a4d0000)]
  0x0000000018528800 JavaThread "Incoming local TCP Connector on port 50915" [_thread_in_native, id=12296, stack(0x000000001a190000,0x000000001a290000)]
  0x00000000191d5000 JavaThread "Daemon health stats" [_thread_blocked, id=17392, stack(0x0000000019b50000,0x0000000019c50000)]
  0x0000000017da3000 JavaThread "Service Thread" daemon [_thread_blocked, id=19412, stack(0x0000000018180000,0x0000000018280000)]
  0x0000000016377000 JavaThread "C1 CompilerThread2" daemon [_thread_blocked, id=17380, stack(0x0000000017c80000,0x0000000017d80000)]
=>0x0000000016320000 JavaThread "C2 CompilerThread1" daemon [_thread_in_native, id=13732, stack(0x0000000017b80000,0x0000000017c80000)]
  0x0000000016329800 JavaThread "C2 CompilerThread0" daemon [_thread_blocked, id=5588, stack(0x0000000017a80000,0x0000000017b80000)]
  0x0000000016328000 JavaThread "Attach Listener" daemon [_thread_blocked, id=20404, stack(0x0000000017980000,0x0000000017a80000)]
  0x0000000016326800 JavaThread "Signal Dispatcher" daemon [_thread_blocked, id=19332, stack(0x0000000017880000,0x0000000017980000)]
  0x00000000028ec000 JavaThread "Finalizer" daemon [_thread_blocked, id=14904, stack(0x0000000017580000,0x0000000017680000)]
  0x0000000016309000 JavaThread "Reference Handler" daemon [_thread_blocked, id=19284, stack(0x0000000017480000,0x0000000017580000)]
  0x00000000027f2800 JavaThread "main" [_thread_blocked, id=14972, stack(0x0000000002660000,0x0000000002760000)]

Other Threads:
  0x00000000162e7000 VMThread [stack: 0x0000000017380000,0x0000000017480000] [id=20076]
  0x0000000017da4000 WatcherThread [stack: 0x0000000018280000,0x0000000018380000] [id=6280]

VM state:not at safepoint (normal execution)

VM Mutex/Monitor currently owned by a thread:  ([mutex/lock_event])
[0x00000000029acd40] SystemDictionary_lock - owner thread: 0x000000001bc08800
[0x00000000027f0650] Compile_lock - owner thread: 0x000000001bc08800

heap address: 0x00000000a0000000, size: 1536 MB, Compressed Oops mode: 32-bit
Narrow klass base: 0x0000000000000000, Narrow klass shift: 3
Compressed class space size: 1073741824 Address: 0x0000000100000000

Heap:
 PSYoungGen      total 273408K, used 250815K [0x00000000e0000000, 0x00000000f2a00000, 0x0000000100000000)
  eden space 242688K, 98% used [0x00000000e0000000,0x00000000ee8aab98,0x00000000eed00000)
  from space 30720K, 40% used [0x00000000f0c00000,0x00000000f18450b0,0x00000000f2a00000)
  to   space 31232K, 0% used [0x00000000eed00000,0x00000000eed00000,0x00000000f0b80000)
 ParOldGen       total 217088K, used 68620K [0x00000000a0000000, 0x00000000ad400000, 0x00000000e0000000)
  object space 217088K, 31% used [0x00000000a0000000,0x00000000a4303120,0x00000000ad400000)
 Metaspace       used 101794K, capacity 108134K, committed 108288K, reserved 1142784K
  class space    used 12917K, capacity 14023K, committed 14080K, reserved 1048576K

Card table byte_map: [0x0000000011d70000,0x0000000012080000] byte_map_base: 0x0000000011870000

Marking Bits: (ParMarkBitMap*) 0x000000005fbb9f30
 Begin Bits: [0x0000000012680000, 0x0000000013e80000)
 End Bits:   [0x0000000013e80000, 0x0000000015680000)

Polling page: 0x0000000001010000

CodeCache: size=245760Kb used=49939Kb max_used=49958Kb free=195820Kb
 bounds [0x00000000029b0000, 0x0000000005ad0000, 0x00000000119b0000]
 total_blobs=14897 nmethods=14034 adapters=775
 compilation: enabled

Compilation events (10 events):
Event: 3365.491 Thread 0x0000000016377000 17183       1       org.gradle.internal.logging.events.StyledTextOutputEvent$Span::getStyle (5 bytes)
Event: 3365.492 Thread 0x0000000016377000 nmethod 17183 0x0000000005a98a50 code [0x0000000005a98ba0, 0x0000000005a98cb0]
Event: 3365.640 Thread 0x0000000016377000 17181       1       org.gradle.internal.logging.events.StyledTextOutputEvent$Span::access$000 (5 bytes)
Event: 3365.641 Thread 0x0000000016377000 nmethod 17181 0x0000000002e7b590 code [0x0000000002e7b6e0, 0x0000000002e7b7d0]
Event: 3365.827 Thread 0x0000000016320000 17186   !   4       java.io.ObjectOutputStream::writeObject0 (619 bytes)
Event: 3365.827 Thread 0x0000000016329800 17187       4       org.gradle.internal.serialize.ExceptionReplacingObjectOutputStream::replaceObject (11 bytes)
Event: 3365.859 Thread 0x0000000016377000 17190       3       java.util.concurrent.CopyOnWriteArrayList::indexOf (14 bytes)
Event: 3365.860 Thread 0x0000000016377000 nmethod 17190 0x0000000002e71710 code [0x0000000002e71880, 0x0000000002e71aa8]
Event: 3366.150 Thread 0x0000000016329800 nmethod 17187 0x0000000005ac1950 code [0x0000000005ac1da0, 0x0000000005ac3dc0]
Event: 3366.369 Thread 0x0000000016329800 17188       4       java.util.concurrent.CopyOnWriteArrayList::indexOf (63 bytes)

GC Heap History (10 events):
Event: 2753.862 GC heap before
{Heap before GC invocations=22 (full 3):
 PSYoungGen      total 204288K, used 204275K [0x00000000e0000000, 0x00000000f0280000, 0x0000000100000000)
  eden space 190976K, 100% used [0x00000000e0000000,0x00000000eba80000,0x00000000eba80000)
  from space 13312K, 99% used [0x00000000edb00000,0x00000000ee7fcda8,0x00000000ee800000)
  to   space 33280K, 0% used [0x00000000eba80000,0x00000000eba80000,0x00000000edb00000)
 ParOldGen       total 137216K, used 66815K [0x00000000a0000000, 0x00000000a8600000, 0x00000000e0000000)
  object space 137216K, 48% used [0x00000000a0000000,0x00000000a413fd18,0x00000000a8600000)
 Metaspace       used 93171K, capacity 97458K, committed 97664K, reserved 1134592K
  class space    used 12091K, capacity 12913K, committed 12928K, reserved 1048576K
Event: 2753.918 GC heap after
Heap after GC invocations=22 (full 3):
 PSYoungGen      total 224256K, used 13288K [0x00000000e0000000, 0x00000000f0d00000, 0x0000000100000000)
  eden space 190976K, 0% used [0x00000000e0000000,0x00000000e0000000,0x00000000eba80000)
  from space 33280K, 39% used [0x00000000eba80000,0x00000000ec77a3d0,0x00000000edb00000)
  to   space 31744K, 0% used [0x00000000eee00000,0x00000000eee00000,0x00000000f0d00000)
 ParOldGen       total 137216K, used 75850K [0x00000000a0000000, 0x00000000a8600000, 0x00000000e0000000)
  object space 137216K, 55% used [0x00000000a0000000,0x00000000a4a12910,0x00000000a8600000)
 Metaspace       used 93171K, capacity 97458K, committed 97664K, reserved 1134592K
  class space    used 12091K, capacity 12913K, committed 12928K, reserved 1048576K
}
Event: 2755.527 GC heap before
{Heap before GC invocations=23 (full 3):
 PSYoungGen      total 224256K, used 148232K [0x00000000e0000000, 0x00000000f0d00000, 0x0000000100000000)
  eden space 190976K, 70% used [0x00000000e0000000,0x00000000e83c7ef0,0x00000000eba80000)
  from space 33280K, 39% used [0x00000000eba80000,0x00000000ec77a3d0,0x00000000edb00000)
  to   space 31744K, 0% used [0x00000000eee00000,0x00000000eee00000,0x00000000f0d00000)
 ParOldGen       total 137216K, used 75850K [0x00000000a0000000, 0x00000000a8600000, 0x00000000e0000000)
  object space 137216K, 55% used [0x00000000a0000000,0x00000000a4a12910,0x00000000a8600000)
 Metaspace       used 94096K, capacity 98504K, committed 98560K, reserved 1134592K
  class space    used 12185K, capacity 13024K, committed 13056K, reserved 1048576K
Event: 2755.570 GC heap after
Heap after GC invocations=23 (full 3):
 PSYoungGen      total 242176K, used 22440K [0x00000000e0000000, 0x00000000f1400000, 0x0000000100000000)
  eden space 210432K, 0% used [0x00000000e0000000,0x00000000e0000000,0x00000000ecd80000)
  from space 31744K, 70% used [0x00000000eee00000,0x00000000f03ea3c8,0x00000000f0d00000)
  to   space 33280K, 0% used [0x00000000ecd80000,0x00000000ecd80000,0x00000000eee00000)
 ParOldGen       total 137216K, used 75858K [0x00000000a0000000, 0x00000000a8600000, 0x00000000e0000000)
  object space 137216K, 55% used [0x00000000a0000000,0x00000000a4a14910,0x00000000a8600000)
 Metaspace       used 94096K, capacity 98504K, committed 98560K, reserved 1134592K
  class space    used 12185K, capacity 13024K, committed 13056K, reserved 1048576K
}
Event: 2755.570 GC heap before
{Heap before GC invocations=24 (full 4):
 PSYoungGen      total 242176K, used 22440K [0x00000000e0000000, 0x00000000f1400000, 0x0000000100000000)
  eden space 210432K, 0% used [0x00000000e0000000,0x00000000e0000000,0x00000000ecd80000)
  from space 31744K, 70% used [0x00000000eee00000,0x00000000f03ea3c8,0x00000000f0d00000)
  to   space 33280K, 0% used [0x00000000ecd80000,0x00000000ecd80000,0x00000000eee00000)
 ParOldGen       total 137216K, used 75858K [0x00000000a0000000, 0x00000000a8600000, 0x00000000e0000000)
  object space 137216K, 55% used [0x00000000a0000000,0x00000000a4a14910,0x00000000a8600000)
 Metaspace       used 94096K, capacity 98504K, committed 98560K, reserved 1134592K
  class space    used 12185K, capacity 13024K, committed 13056K, reserved 1048576K
Event: 2757.432 GC heap after
Heap after GC invocations=24 (full 4):
 PSYoungGen      total 242176K, used 0K [0x00000000e0000000, 0x00000000f1400000, 0x0000000100000000)
  eden space 210432K, 0% used [0x00000000e0000000,0x00000000e0000000,0x00000000ecd80000)
  from space 31744K, 0% used [0x00000000eee00000,0x00000000eee00000,0x00000000f0d00000)
  to   space 33280K, 0% used [0x00000000ecd80000,0x00000000ecd80000,0x00000000eee00000)
 ParOldGen       total 217088K, used 68604K [0x00000000a0000000, 0x00000000ad400000, 0x00000000e0000000)
  object space 217088K, 31% used [0x00000000a0000000,0x00000000a42ff120,0x00000000ad400000)
 Metaspace       used 93539K, capacity 97146K, committed 98560K, reserved 1134592K
  class space    used 12041K, capacity 12772K, committed 13056K, reserved 1048576K
}
Event: 3053.278 GC heap before
{Heap before GC invocations=25 (full 4):
 PSYoungGen      total 242176K, used 210432K [0x00000000e0000000, 0x00000000f1400000, 0x0000000100000000)
  eden space 210432K, 100% used [0x00000000e0000000,0x00000000ecd80000,0x00000000ecd80000)
  from space 31744K, 0% used [0x00000000eee00000,0x00000000eee00000,0x00000000f0d00000)
  to   space 33280K, 0% used [0x00000000ecd80000,0x00000000ecd80000,0x00000000eee00000)
 ParOldGen       total 217088K, used 68604K [0x00000000a0000000, 0x00000000ad400000, 0x00000000e0000000)
  object space 217088K, 31% used [0x00000000a0000000,0x00000000a42ff120,0x00000000ad400000)
 Metaspace       used 97910K, capacity 102662K, committed 102912K, reserved 1138688K
  class space    used 12423K, capacity 13306K, committed 13312K, reserved 1048576K
Event: 3056.481 GC heap after
Heap after GC invocations=25 (full 4):
 PSYoungGen      total 243712K, used 6165K [0x00000000e0000000, 0x00000000f2c00000, 0x0000000100000000)
  eden space 210432K, 0% used [0x00000000e0000000,0x00000000e0000000,0x00000000ecd80000)
  from space 33280K, 18% used [0x00000000ecd80000,0x00000000ed385628,0x00000000eee00000)
  to   space 32768K, 0% used [0x00000000f0c00000,0x00000000f0c00000,0x00000000f2c00000)
 ParOldGen       total 217088K, used 68612K [0x00000000a0000000, 0x00000000ad400000, 0x00000000e0000000)
  object space 217088K, 31% used [0x00000000a0000000,0x00000000a4301120,0x00000000ad400000)
 Metaspace       used 97910K, capacity 102662K, committed 102912K, reserved 1138688K
  class space    used 12423K, capacity 13306K, committed 13312K, reserved 1048576K
}
Event: 3086.236 GC heap before
{Heap before GC invocations=26 (full 4):
 PSYoungGen      total 243712K, used 216597K [0x00000000e0000000, 0x00000000f2c00000, 0x0000000100000000)
  eden space 210432K, 100% used [0x00000000e0000000,0x00000000ecd80000,0x00000000ecd80000)
  from space 33280K, 18% used [0x00000000ecd80000,0x00000000ed385628,0x00000000eee00000)
  to   space 32768K, 0% used [0x00000000f0c00000,0x00000000f0c00000,0x00000000f2c00000)
 ParOldGen       total 217088K, used 68612K [0x00000000a0000000, 0x00000000ad400000, 0x00000000e0000000)
  object space 217088K, 31% used [0x00000000a0000000,0x00000000a4301120,0x00000000ad400000)
 Metaspace       used 99977K, capacity 105132K, committed 105344K, reserved 1140736K
  class space    used 12669K, capacity 13608K, committed 13696K, reserved 1048576K
Event: 3086.805 GC heap after
Heap after GC invocations=26 (full 4):
 PSYoungGen      total 273408K, used 12564K [0x00000000e0000000, 0x00000000f2a00000, 0x0000000100000000)
  eden space 242688K, 0% used [0x00000000e0000000,0x00000000e0000000,0x00000000eed00000)
  from space 30720K, 40% used [0x00000000f0c00000,0x00000000f18450b0,0x00000000f2a00000)
  to   space 31232K, 0% used [0x00000000eed00000,0x00000000eed00000,0x00000000f0b80000)
 ParOldGen       total 217088K, used 68620K [0x00000000a0000000, 0x00000000ad400000, 0x00000000e0000000)
  object space 217088K, 31% used [0x00000000a0000000,0x00000000a4303120,0x00000000ad400000)
 Metaspace       used 99977K, capacity 105132K, committed 105344K, reserved 1140736K
  class space    used 12669K, capacity 13608K, committed 13696K, reserved 1048576K
}

Deoptimization events (10 events):
Event: 3302.373 Thread 0x000000001bc0d800 Uncommon trap: reason=class_check action=maybe_recompile pc=0x000000000319d060 method=java.lang.reflect.Array.newInstance(Ljava/lang/Class;I)Ljava/lang/Object; @ 2
Event: 3365.329 Thread 0x000000001bc08800 Uncommon trap: reason=bimorphic action=maybe_recompile pc=0x000000000332815c method=org.gradle.internal.logging.text.AbstractStyledTextOutput.text(Ljava/lang/Object;)Lorg/gradle/internal/logging/text/StyledTextOutput; @ 11
Event: 3365.824 Thread 0x000000001bc08800 Uncommon trap: reason=bimorphic action=maybe_recompile pc=0x000000000551d490 method=org.gradle.internal.serialize.ExceptionPlaceholder$1.transform(Ljava/lang/Object;)Ljava/lang/Object; @ 19
Event: 3365.825 Thread 0x000000001bc08800 Uncommon trap: reason=bimorphic action=maybe_recompile pc=0x00000000054e9ec8 method=java.util.concurrent.CopyOnWriteArrayList.indexOf(Ljava/lang/Object;[Ljava/lang/Object;II)I @ 46
Event: 3365.825 Thread 0x000000001bc08800 Uncommon trap: reason=bimorphic action=maybe_recompile pc=0x000000000551d490 method=org.gradle.internal.serialize.ExceptionPlaceholder$1.transform(Ljava/lang/Object;)Ljava/lang/Object; @ 19
Event: 3365.825 Thread 0x000000001bc08800 Uncommon trap: reason=bimorphic action=maybe_recompile pc=0x00000000054e9ec8 method=java.util.concurrent.CopyOnWriteArrayList.indexOf(Ljava/lang/Object;[Ljava/lang/Object;II)I @ 46
Event: 3365.826 Thread 0x000000001bc08800 Uncommon trap: reason=bimorphic action=maybe_recompile pc=0x000000000551d490 method=org.gradle.internal.serialize.ExceptionPlaceholder$1.transform(Ljava/lang/Object;)Ljava/lang/Object; @ 19
Event: 3365.826 Thread 0x000000001bc08800 Uncommon trap: reason=bimorphic action=maybe_recompile pc=0x00000000054e9ec8 method=java.util.concurrent.CopyOnWriteArrayList.indexOf(Ljava/lang/Object;[Ljava/lang/Object;II)I @ 46
Event: 3365.826 Thread 0x000000001bc08800 Uncommon trap: reason=bimorphic action=maybe_recompile pc=0x000000000551d490 method=org.gradle.internal.serialize.ExceptionPlaceholder$1.transform(Ljava/lang/Object;)Ljava/lang/Object; @ 19
Event: 3365.826 Thread 0x000000001bc08800 Uncommon trap: reason=bimorphic action=maybe_recompile pc=0x00000000054e9ec8 method=java.util.concurrent.CopyOnWriteArrayList.indexOf(Ljava/lang/Object;[Ljava/lang/Object;II)I @ 46

Classes redefined (0 events):
No events

Internal exceptions (10 events):
Event: 3306.208 Thread 0x000000001bc08800 Exception <a 'java/lang/ClassNotFoundException': build_bzublgns7wg5era9jx484w2qj$_run_closure1$_closure4BeanInfo> (0x00000000e8e49a48) thrown at [D:\src\AOSP-openjdk-cygwin\jdk8u\hotspot\src\share\vm\classfile\systemDictionary.cpp, line 210]
Event: 3306.211 Thread 0x000000001bc08800 Exception <a 'java/lang/ClassNotFoundException': build_bzublgns7wg5era9jx484w2qj$_run_closure1$_closure4Customizer> (0x00000000e8e59040) thrown at [D:\src\AOSP-openjdk-cygwin\jdk8u\hotspot\src\share\vm\classfile\systemDictionary.cpp, line 210]
Event: 3306.218 Thread 0x000000001bc08800 Exception <a 'java/lang/ClassNotFoundException': build_bzublgns7wg5era9jx484w2qj$_run_closure1BeanInfo> (0x00000000e8e806e8) thrown at [D:\src\AOSP-openjdk-cygwin\jdk8u\hotspot\src\share\vm\classfile\systemDictionary.cpp, line 210]
Event: 3306.219 Thread 0x000000001bc08800 Exception <a 'java/lang/ClassNotFoundException': build_bzublgns7wg5era9jx484w2qj$_run_closure1Customizer> (0x00000000e8e8f0d0) thrown at [D:\src\AOSP-openjdk-cygwin\jdk8u\hotspot\src\share\vm\classfile\systemDictionary.cpp, line 210]
Event: 3307.237 Thread 0x000000001bc08800 Exception <a 'java/lang/ClassNotFoundException': org/jetbrains/plugins/gradle/tooling/util/SourceSetCachedFinderBeanInfo> (0x00000000e9839f50) thrown at [D:\src\AOSP-openjdk-cygwin\jdk8u\hotspot\src\share\vm\classfile\systemDictionary.cpp, line 210]
Event: 3307.239 Thread 0x000000001bc08800 Exception <a 'java/lang/ClassNotFoundException': org/jetbrains/plugins/gradle/tooling/util/SourceSetCachedFinderCustomizer> (0x00000000e984af20) thrown at [D:\src\AOSP-openjdk-cygwin\jdk8u\hotspot\src\share\vm\classfile\systemDictionary.cpp, line 210]
Event: 3314.700 Thread 0x000000001bc08800 Exception <a 'sun/nio/fs/WindowsException'> (0x00000000ed0bd2a8) thrown at [D:\src\AOSP-openjdk-cygwin\jdk8u\hotspot\src\share\vm\prims\jni.cpp, line 710]
Event: 3364.888 Thread 0x000000001bc08800 Exception <a 'java/lang/reflect/InvocationTargetException'> (0x00000000ee38a450) thrown at [D:\src\AOSP-openjdk-cygwin\jdk8u\hotspot\src\share\vm\runtime\reflection.cpp, line 1092]
Event: 3365.234 Thread 0x000000001bc0e800 Exception <a 'java/lang/NoSuchMethodError': <clinit>> (0x00000000ee34cf50) thrown at [D:\src\AOSP-openjdk-cygwin\jdk8u\hotspot\src\share\vm\prims\jni.cpp, line 1614]
Event: 3365.269 Thread 0x000000001bc08800 Exception <a 'sun/nio/fs/WindowsException'> (0x00000000ee6fc628) thrown at [D:\src\AOSP-openjdk-cygwin\jdk8u\hotspot\src\share\vm\prims\jni.cpp, line 710]

Events (10 events):
Event: 3365.826 Thread 0x000000001bc08800 DEOPT UNPACKING pc=0x00000000029f557b sp=0x000000001a5cc6e8 mode 2
Event: 3365.826 Thread 0x000000001bc08800 Uncommon trap: trap_request=0xffffffc6 fr.pc=0x00000000054e9ec8
Event: 3365.826 Thread 0x000000001bc08800 DEOPT PACKING pc=0x00000000054e9ec8 sp=0x000000001a5cc630
Event: 3365.826 Thread 0x000000001bc08800 DEOPT UNPACKING pc=0x00000000029f557b sp=0x000000001a5cc5f8 mode 2
Event: 3365.826 Thread 0x000000001bc08800 Uncommon trap: trap_request=0xffffffc6 fr.pc=0x000000000551d490
Event: 3365.826 Thread 0x000000001bc08800 DEOPT PACKING pc=0x000000000551d490 sp=0x000000001a5cc510
Event: 3365.826 Thread 0x000000001bc08800 DEOPT UNPACKING pc=0x00000000029f557b sp=0x000000001a5cc498 mode 2
Event: 3365.826 Thread 0x000000001bc08800 Uncommon trap: trap_request=0xffffffc6 fr.pc=0x00000000054e9ec8
Event: 3365.826 Thread 0x000000001bc08800 DEOPT PACKING pc=0x00000000054e9ec8 sp=0x000000001a5cc3e0
Event: 3365.826 Thread 0x000000001bc08800 DEOPT UNPACKING pc=0x00000000029f557b sp=0x000000001a5cc3a8 mode 2


Dynamic libraries:
0x00007ff658de0000 - 0x00007ff658e11000 	C:\Program Files\Android\Android Studio\jre\bin\java.exe
0x00007ff8159a0000 - 0x00007ff815b90000 	C:\WINDOWS\SYSTEM32\ntdll.dll
0x00007ff815840000 - 0x00007ff8158f2000 	C:\WINDOWS\System32\KERNEL32.DLL
0x00007ff812bc0000 - 0x00007ff812e63000 	C:\WINDOWS\System32\KERNELBASE.dll
0x00007ff814a80000 - 0x00007ff814b23000 	C:\WINDOWS\System32\ADVAPI32.dll
0x00007ff813e30000 - 0x00007ff813ece000 	C:\WINDOWS\System32\msvcrt.dll
0x00007ff813bd0000 - 0x00007ff813c67000 	C:\WINDOWS\System32\sechost.dll
0x00007ff814ba0000 - 0x00007ff814cc0000 	C:\WINDOWS\System32\RPCRT4.dll
0x00007ff814830000 - 0x00007ff8149c3000 	C:\WINDOWS\System32\USER32.dll
0x00007ff812a10000 - 0x00007ff812a31000 	C:\WINDOWS\System32\win32u.dll
0x00007ff813b90000 - 0x00007ff813bb6000 	C:\WINDOWS\System32\GDI32.dll
0x00007ff813690000 - 0x00007ff813824000 	C:\WINDOWS\System32\gdi32full.dll
0x00007ff812e70000 - 0x00007ff812f0e000 	C:\WINDOWS\System32\msvcp_win.dll
0x00007ff813830000 - 0x00007ff81392a000 	C:\WINDOWS\System32\ucrtbase.dll
0x00007ffffc710000 - 0x00007ffffc995000 	C:\WINDOWS\WinSxS\amd64_microsoft.windows.common-controls_6595b64144ccf1df_6.0.18362.356_none_e6c4af7d130f27cc\COMCTL32.dll
0x00007ff814cc0000 - 0x00007ff814ff6000 	C:\WINDOWS\System32\combase.dll
0x00007ff812990000 - 0x00007ff812a10000 	C:\WINDOWS\System32\bcryptPrimitives.dll
0x00007ff815810000 - 0x00007ff81583e000 	C:\WINDOWS\System32\IMM32.DLL
0x000000005f1f0000 - 0x000000005f2c2000 	C:\Program Files\Android\Android Studio\jre\jre\bin\msvcr100.dll
0x000000005f3f0000 - 0x000000005fc36000 	C:\Program Files\Android\Android Studio\jre\jre\bin\server\jvm.dll
0x00007ff813e20000 - 0x00007ff813e28000 	C:\WINDOWS\System32\PSAPI.DLL
0x00007ffff7210000 - 0x00007ffff7219000 	C:\WINDOWS\SYSTEM32\WSOCK32.dll
0x00007ff814b30000 - 0x00007ff814b9f000 	C:\WINDOWS\System32\WS2_32.dll
0x00007ff80f510000 - 0x00007ff80f534000 	C:\WINDOWS\SYSTEM32\WINMM.dll
0x00007ff806240000 - 0x00007ff80624a000 	C:\WINDOWS\SYSTEM32\VERSION.dll
0x00007ff80f4e0000 - 0x00007ff80f50d000 	C:\WINDOWS\SYSTEM32\WINMMBASE.dll
0x00007ff813a00000 - 0x00007ff813a4a000 	C:\WINDOWS\System32\cfgmgr32.dll
0x00007ff80b860000 - 0x00007ff80b86f000 	C:\Program Files\Android\Android Studio\jre\jre\bin\verify.dll
0x00007ff80b830000 - 0x00007ff80b859000 	C:\Program Files\Android\Android Studio\jre\jre\bin\java.dll
0x00007ff80b810000 - 0x00007ff80b826000 	C:\Program Files\Android\Android Studio\jre\jre\bin\zip.dll
0x00007ff814000000 - 0x00007ff8146e5000 	C:\WINDOWS\System32\SHELL32.dll
0x00007ff8149d0000 - 0x00007ff814a79000 	C:\WINDOWS\System32\shcore.dll
0x00007ff812f10000 - 0x00007ff81368e000 	C:\WINDOWS\System32\windows.storage.dll
0x00007ff812910000 - 0x00007ff81292f000 	C:\WINDOWS\System32\profapi.dll
0x00007ff8128a0000 - 0x00007ff8128ea000 	C:\WINDOWS\System32\powrprof.dll
0x00007ff812870000 - 0x00007ff812880000 	C:\WINDOWS\System32\UMPDC.dll
0x00007ff815900000 - 0x00007ff815952000 	C:\WINDOWS\System32\shlwapi.dll
0x00007ff8128f0000 - 0x00007ff812901000 	C:\WINDOWS\System32\kernel.appcore.dll
0x00007ff813930000 - 0x00007ff813947000 	C:\WINDOWS\System32\cryptsp.dll
0x00007ffff2820000 - 0x00007ffff283a000 	C:\Program Files\Android\Android Studio\jre\jre\bin\net.dll
0x00007ff8120e0000 - 0x00007ff812147000 	C:\WINDOWS\system32\mswsock.dll
0x00007ffff2800000 - 0x00007ffff2811000 	C:\Program Files\Android\Android Studio\jre\jre\bin\nio.dll
0x00007ffff4cf0000 - 0x00007ffff4d16000 	C:\Users\Noret\.gradle\native\29\windows-amd64\native-platform.dll
0x00007ff80b800000 - 0x00007ff80b80d000 	C:\Program Files\Android\Android Studio\jre\jre\bin\management.dll
0x00007ff811c50000 - 0x00007ff811c83000 	C:\WINDOWS\system32\rsaenh.dll
0x00007ff812b90000 - 0x00007ff812bb6000 	C:\WINDOWS\System32\bcrypt.dll
0x00007ff812790000 - 0x00007ff8127b5000 	C:\WINDOWS\SYSTEM32\USERENV.dll
0x00007ff8122b0000 - 0x00007ff8122bc000 	C:\WINDOWS\SYSTEM32\CRYPTBASE.dll
0x00007ff811df0000 - 0x00007ff811e2a000 	C:\WINDOWS\SYSTEM32\IPHLPAPI.DLL
0x00007ff813bc0000 - 0x00007ff813bc8000 	C:\WINDOWS\System32\NSI.dll
0x00007ff8061c0000 - 0x00007ff8061d6000 	C:\WINDOWS\SYSTEM32\dhcpcsvc6.DLL
0x00007ff806890000 - 0x00007ff8068ac000 	C:\WINDOWS\SYSTEM32\dhcpcsvc.DLL
0x00007ff811e30000 - 0x00007ff811efa000 	C:\WINDOWS\SYSTEM32\DNSAPI.dll
0x00007ffff32a0000 - 0x00007ffff32c4000 	C:\Program Files\Android\Android Studio\jre\jre\bin\sunec.dll
0x00007ff808ee0000 - 0x00007ff808eea000 	C:\Windows\System32\rasadhlp.dll
0x00007ff804a40000 - 0x00007ff804ab7000 	C:\WINDOWS\System32\fwpuclnt.dll
0x00007fffeb690000 - 0x00007fffeb69b000 	C:\Program Files\Android\Android Studio\jre\jre\bin\sunmscapi.dll
0x00007ff812a40000 - 0x00007ff812b89000 	C:\WINDOWS\System32\CRYPT32.dll
0x00007ff812880000 - 0x00007ff812892000 	C:\WINDOWS\System32\MSASN1.dll
0x00007ff810ad0000 - 0x00007ff810b5f000 	C:\WINDOWS\system32\apphelp.dll

VM Arguments:
jvm_args: -Xmx1536m -Dfile.encoding=windows-1252 -Duser.country=US -Duser.language=en -Duser.variant 
java_command: org.gradle.launcher.daemon.bootstrap.GradleDaemon 5.4.1
java_class_path (initial): C:\Users\Noret\.gradle\wrapper\dists\gradle-5.4.1-all\3221gyojl5jsh0helicew7rwx\gradle-5.4.1\lib\gradle-launcher-5.4.1.jar
Launcher Type: SUN_STANDARD

Environment Variables:
PATH=C:\ProgramData\Oracle\Java\javapath;C:\Users\Noret\Desktop\17F\CS 1\Lib\site-packages\PyQt5;C:\Program Files (x86)\Intel\iCLS Client\;C:\Program Files\Intel\iCLS Client\;C:\Windows\system32;C:\Windows;C:\Windows\System32\Wbem;C:\Windows\System32\WindowsPowerShell\v1.0\;C:\Program Files (x86)\Intel\Intel(R) Management Engine Components\DAL;C:\Program Files\Intel\Intel(R) Management Engine Components\DAL;C:\Program Files (x86)\Intel\Intel(R) Management Engine Components\IPT;C:\Program Files\Intel\Intel(R) Management Engine Components\IPT;C:\Program Files (x86)\PharosSystems\Core;C:\WINDOWS\system32;C:\WINDOWS;C:\WINDOWS\System32\Wbem;C:\WINDOWS\System32\WindowsPowerShell\v1.0\;C:\WINDOWS\system32;C:\WINDOWS;C:\WINDOWS\System32\Wbem;C:\WINDOWS\System32\WindowsPowerShell\v1.0\;C:\Program Files\PuTTY\;C:\WINDOWS\System32\OpenSSH\;C:\Program Files\MATLAB\R2018b\bin;C:\Program Files\MySQL\MySQL Server 8.0\bin;C:\Program Files\Git\cmd;C:\Program Files\nodejs\;C:\ProgramData\chocolatey\bin;C:\Program Files (x86)\Yarn\bin\;C:\Users\Noret\Downloads\watchman;C:\Users\Noret\AppData\Local\Programs\Microsoft VS Code\bin;C:\Users\Noret\AppData\Local\GitHubDesktop\bin;%USERPROFILE%\AppData\Local\Microsoft\WindowsApps;
USERNAME=Noret
OS=Windows_NT
PROCESSOR_IDENTIFIER=Intel64 Family 6 Model 78 Stepping 3, GenuineIntel



---------------  S Y S T E M  ---------------

OS: Windows 10.0 , 64 bit Build 18362 (10.0.18362.329)

CPU:total 4 (initial active 4) (2 cores per cpu, 2 threads per core) family 6 model 78 stepping 3, cmov, cx8, fxsr, mmx, sse, sse2, sse3, ssse3, sse4.1, sse4.2, popcnt, avx, avx2, aes, clmul, erms, 3dnowpref, lzcnt, ht, tsc, tscinvbit, bmi1, bmi2, adx

Memory: 4k page, physical 8259484k(388700k free), swap 33425308k(5052k free)

vm_info: OpenJDK 64-Bit Server VM (25.202-b03) for windows-amd64 JRE (1.8.0_202-release-1483-b03), built by "builder" with MS VC++ 10.0 (VS2010)

time: Tue Oct 01 00:16:34 2019
timezone: Eastern Daylight Time
elapsed time: 3366 seconds (0d 0h 56m 6s)

